<?xml version="1.0" encoding="UTF-8"?>
<testsuite name="com.jojoldu.book.springboot.web.IndexControllerTest" tests="1" skipped="0" failures="0" errors="0" timestamp="2023-02-28T11:34:51" hostname="ZsuMacBookAir.local" time="0.063">
  <properties/>
  <testcase name="메인페이지_로딩" classname="com.jojoldu.book.springboot.web.IndexControllerTest" time="0.063"/>
  <system-out><![CDATA[2023-02-28 20:34:51.103  INFO 2390 --- [    Test worker] .b.t.c.SpringBootTestContextBootstrapper : Neither @ContextConfiguration nor @ContextHierarchy found for test class [com.jojoldu.book.springboot.web.IndexControllerTest], using SpringBootContextLoader
2023-02-28 20:34:51.103  INFO 2390 --- [    Test worker] o.s.t.c.support.AbstractContextLoader    : Could not detect default resource locations for test class [com.jojoldu.book.springboot.web.IndexControllerTest]: no resource found for suffixes {-context.xml, Context.groovy}.
2023-02-28 20:34:51.103  INFO 2390 --- [    Test worker] t.c.s.AnnotationConfigContextLoaderUtils : Could not detect default configuration classes for test class [com.jojoldu.book.springboot.web.IndexControllerTest]: IndexControllerTest does not declare any static, non-private, non-final, nested classes annotated with @Configuration.
2023-02-28 20:34:51.104  INFO 2390 --- [    Test worker] .b.t.c.SpringBootTestContextBootstrapper : Found @SpringBootConfiguration com.jojoldu.book.Application for test class com.jojoldu.book.springboot.web.IndexControllerTest
2023-02-28 20:34:51.105  INFO 2390 --- [    Test worker] .b.t.c.SpringBootTestContextBootstrapper : Loaded default TestExecutionListener class names from location [META-INF/spring.factories]: [org.springframework.security.test.context.support.WithSecurityContextTestExecutionListener, org.springframework.security.test.context.support.ReactorContextTestExecutionListener, org.springframework.boot.test.autoconfigure.restdocs.RestDocsTestExecutionListener, org.springframework.boot.test.autoconfigure.web.client.MockRestServiceServerResetTestExecutionListener, org.springframework.boot.test.autoconfigure.web.servlet.MockMvcPrintOnlyOnFailureTestExecutionListener, org.springframework.boot.test.autoconfigure.web.servlet.WebDriverTestExecutionListener, org.springframework.boot.test.mock.mockito.MockitoTestExecutionListener, org.springframework.boot.test.mock.mockito.ResetMocksTestExecutionListener, org.springframework.test.context.web.ServletTestExecutionListener, org.springframework.test.context.support.DirtiesContextBeforeModesTestExecutionListener, org.springframework.test.context.support.DependencyInjectionTestExecutionListener, org.springframework.test.context.support.DirtiesContextTestExecutionListener, org.springframework.test.context.transaction.TransactionalTestExecutionListener, org.springframework.test.context.jdbc.SqlScriptsTestExecutionListener]
2023-02-28 20:34:51.105  INFO 2390 --- [    Test worker] .b.t.c.SpringBootTestContextBootstrapper : Using TestExecutionListeners: [org.springframework.test.context.web.ServletTestExecutionListener@128ca7af, org.springframework.test.context.support.DirtiesContextBeforeModesTestExecutionListener@3bf52f8f, org.springframework.boot.test.mock.mockito.MockitoTestExecutionListener@57d7c511, org.springframework.boot.test.autoconfigure.SpringBootDependencyInjectionTestExecutionListener@811d8d6, org.springframework.test.context.support.DirtiesContextTestExecutionListener@7f57a7a4, org.springframework.test.context.transaction.TransactionalTestExecutionListener@6dcc7696, org.springframework.test.context.jdbc.SqlScriptsTestExecutionListener@45ac973, org.springframework.security.test.context.support.WithSecurityContextTestExecutionListener@28b7646, org.springframework.security.test.context.support.ReactorContextTestExecutionListener@40239b34, org.springframework.boot.test.autoconfigure.restdocs.RestDocsTestExecutionListener@4e553d60, org.springframework.boot.test.autoconfigure.web.client.MockRestServiceServerResetTestExecutionListener@1c966488, org.springframework.boot.test.autoconfigure.web.servlet.MockMvcPrintOnlyOnFailureTestExecutionListener@45f6181a, org.springframework.boot.test.autoconfigure.web.servlet.WebDriverTestExecutionListener@19d0d1ab, org.springframework.boot.test.mock.mockito.ResetMocksTestExecutionListener@7e0941cc]
2023-02-28 20:34:51.140  INFO 2390 --- [o-auto-1-exec-1] o.a.c.c.C.[Tomcat].[localhost].[/]       : Initializing Spring DispatcherServlet 'dispatcherServlet'
2023-02-28 20:34:51.140  INFO 2390 --- [o-auto-1-exec-1] o.s.web.servlet.DispatcherServlet        : Initializing Servlet 'dispatcherServlet'
2023-02-28 20:34:51.141  INFO 2390 --- [o-auto-1-exec-1] o.s.web.servlet.DispatcherServlet        : Completed initialization in 1 ms
Hibernate: select posts0_.id as id1_0_, posts0_.created_date as created_2_0_, posts0_.modified_date as modified3_0_, posts0_.author as author4_0_, posts0_.content as content5_0_, posts0_.title as title6_0_ from posts posts0_ order by posts0_.id DESC
]]></system-out>
  <system-err><![CDATA[]]></system-err>
</testsuite>
