<?xml version="1.0" encoding="UTF-8"?>
<testsuite name="com.jojoldu.book.springboot.web.HelloControllerTest" tests="2" skipped="0" failures="0" errors="0" timestamp="2023-02-28T11:34:51" hostname="ZsuMacBookAir.local" time="0.019">
  <properties/>
  <testcase name="hello가_리턴된다" classname="com.jojoldu.book.springboot.web.HelloControllerTest" time="0.008"/>
  <testcase name="helloDto가_리턴된다" classname="com.jojoldu.book.springboot.web.HelloControllerTest" time="0.011"/>
  <system-out><![CDATA[2023-02-28 20:34:50.838  INFO 2390 --- [    Test worker] .b.t.a.w.s.WebMvcTestContextBootstrapper : Neither @ContextConfiguration nor @ContextHierarchy found for test class [com.jojoldu.book.springboot.web.HelloControllerTest], using SpringBootContextLoader
2023-02-28 20:34:50.838  INFO 2390 --- [    Test worker] o.s.t.c.support.AbstractContextLoader    : Could not detect default resource locations for test class [com.jojoldu.book.springboot.web.HelloControllerTest]: no resource found for suffixes {-context.xml, Context.groovy}.
2023-02-28 20:34:50.838  INFO 2390 --- [    Test worker] t.c.s.AnnotationConfigContextLoaderUtils : Could not detect default configuration classes for test class [com.jojoldu.book.springboot.web.HelloControllerTest]: HelloControllerTest does not declare any static, non-private, non-final, nested classes annotated with @Configuration.
2023-02-28 20:34:50.844  INFO 2390 --- [    Test worker] .b.t.c.SpringBootTestContextBootstrapper : Found @SpringBootConfiguration com.jojoldu.book.Application for test class com.jojoldu.book.springboot.web.HelloControllerTest
2023-02-28 20:34:50.844  INFO 2390 --- [    Test worker] .b.t.a.w.s.WebMvcTestContextBootstrapper : Loaded default TestExecutionListener class names from location [META-INF/spring.factories]: [org.springframework.security.test.context.support.WithSecurityContextTestExecutionListener, org.springframework.security.test.context.support.ReactorContextTestExecutionListener, org.springframework.boot.test.autoconfigure.restdocs.RestDocsTestExecutionListener, org.springframework.boot.test.autoconfigure.web.client.MockRestServiceServerResetTestExecutionListener, org.springframework.boot.test.autoconfigure.web.servlet.MockMvcPrintOnlyOnFailureTestExecutionListener, org.springframework.boot.test.autoconfigure.web.servlet.WebDriverTestExecutionListener, org.springframework.boot.test.mock.mockito.MockitoTestExecutionListener, org.springframework.boot.test.mock.mockito.ResetMocksTestExecutionListener, org.springframework.test.context.web.ServletTestExecutionListener, org.springframework.test.context.support.DirtiesContextBeforeModesTestExecutionListener, org.springframework.test.context.support.DependencyInjectionTestExecutionListener, org.springframework.test.context.support.DirtiesContextTestExecutionListener, org.springframework.test.context.transaction.TransactionalTestExecutionListener, org.springframework.test.context.jdbc.SqlScriptsTestExecutionListener]
2023-02-28 20:34:50.845  INFO 2390 --- [    Test worker] .b.t.a.w.s.WebMvcTestContextBootstrapper : Using TestExecutionListeners: [org.springframework.test.context.web.ServletTestExecutionListener@737445ab, org.springframework.test.context.support.DirtiesContextBeforeModesTestExecutionListener@3c9cfcde, org.springframework.boot.test.mock.mockito.MockitoTestExecutionListener@2f3c7b24, org.springframework.boot.test.autoconfigure.SpringBootDependencyInjectionTestExecutionListener@7dbd70fd, org.springframework.test.context.support.DirtiesContextTestExecutionListener@2cb53bfc, org.springframework.test.context.transaction.TransactionalTestExecutionListener@779448b8, org.springframework.test.context.jdbc.SqlScriptsTestExecutionListener@3bbdf835, org.springframework.security.test.context.support.WithSecurityContextTestExecutionListener@2d114d27, org.springframework.security.test.context.support.ReactorContextTestExecutionListener@28fef9a2, org.springframework.boot.test.autoconfigure.restdocs.RestDocsTestExecutionListener@7dfab58d, org.springframework.boot.test.autoconfigure.web.client.MockRestServiceServerResetTestExecutionListener@29d29657, org.springframework.boot.test.autoconfigure.web.servlet.MockMvcPrintOnlyOnFailureTestExecutionListener@e0d9e3f, org.springframework.boot.test.autoconfigure.web.servlet.WebDriverTestExecutionListener@516155b5, org.springframework.boot.test.mock.mockito.ResetMocksTestExecutionListener@799fc4c9]

  .   ____          _            __ _ _
 /\\ / ___'_ __ _ _(_)_ __  __ _ \ \ \ \
( ( )\___ | '_ | '_| | '_ \/ _` | \ \ \ \
 \\/  ___)| |_)| | | | | || (_| |  ) ) ) )
  '  |____| .__|_| |_|_| |_\__, | / / / /
 =========|_|==============|___/=/_/_/_/
 :: Spring Boot ::        (v2.1.9.RELEASE)

2023-02-28 20:34:50.854  INFO 2390 --- [    Test worker] c.j.b.s.web.HelloControllerTest          : Starting HelloControllerTest on ZsuMacBookAir.local with PID 2390 (started by zsu in /Users/zsu/IdeaProjects/freelec-springboot2-webservice)
2023-02-28 20:34:50.855  INFO 2390 --- [    Test worker] c.j.b.s.web.HelloControllerTest          : No active profile set, falling back to default profiles: default
2023-02-28 20:34:50.965  INFO 2390 --- [    Test worker] o.s.s.concurrent.ThreadPoolTaskExecutor  : Initializing ExecutorService 'applicationTaskExecutor'
2023-02-28 20:34:50.973  INFO 2390 --- [    Test worker] o.s.b.a.w.s.WelcomePageHandlerMapping    : Adding welcome page template: index
2023-02-28 20:34:51.034  INFO 2390 --- [    Test worker] .s.s.UserDetailsServiceAutoConfiguration : 

Using generated security password: 725ea52c-625b-4c18-ad31-0229feaa66c3

2023-02-28 20:34:51.069  INFO 2390 --- [    Test worker] o.s.s.web.DefaultSecurityFilterChain     : Creating filter chain: any request, [org.springframework.security.web.context.request.async.WebAsyncManagerIntegrationFilter@49392256, org.springframework.security.web.context.SecurityContextPersistenceFilter@35b79b1f, org.springframework.security.web.header.HeaderWriterFilter@37816ea6, org.springframework.security.web.csrf.CsrfFilter@6d6d81c, org.springframework.security.web.authentication.logout.LogoutFilter@17c72ffa, org.springframework.security.web.authentication.UsernamePasswordAuthenticationFilter@7b43f95c, org.springframework.security.web.authentication.ui.DefaultLoginPageGeneratingFilter@67216c33, org.springframework.security.web.authentication.ui.DefaultLogoutPageGeneratingFilter@5a23b9d1, org.springframework.security.web.authentication.www.BasicAuthenticationFilter@7ef3aa21, org.springframework.security.web.savedrequest.RequestCacheAwareFilter@664083f6, org.springframework.security.web.servletapi.SecurityContextHolderAwareRequestFilter@5a8835c6, org.springframework.security.web.authentication.AnonymousAuthenticationFilter@3962b216, org.springframework.security.web.session.SessionManagementFilter@7a74672, org.springframework.security.web.access.ExceptionTranslationFilter@6bb71265, org.springframework.security.web.access.intercept.FilterSecurityInterceptor@5c41f6a0]
2023-02-28 20:34:51.073  INFO 2390 --- [    Test worker] o.s.b.t.m.w.SpringBootMockServletContext : Initializing Spring TestDispatcherServlet ''
2023-02-28 20:34:51.073  INFO 2390 --- [    Test worker] o.s.t.web.servlet.TestDispatcherServlet  : Initializing Servlet ''
2023-02-28 20:34:51.076  INFO 2390 --- [    Test worker] o.s.t.web.servlet.TestDispatcherServlet  : Completed initialization in 3 ms
2023-02-28 20:34:51.083  INFO 2390 --- [    Test worker] c.j.b.s.web.HelloControllerTest          : Started HelloControllerTest in 0.238 seconds (JVM running for 4.066)
]]></system-out>
  <system-err><![CDATA[]]></system-err>
</testsuite>
